<?xml version="1.0" encoding="UTF-8"?>
<testsuite xmlns:xsi="http://www.w3.org/2001/XMLSchema-instance" xsi:noNamespaceSchemaLocation="https://maven.apache.org/surefire/maven-surefire-plugin/xsd/surefire-test-report-3.0.xsd" version="3.0" name="com.example.confluence.renderer.OpenApiRendererTest" time="0.002" tests="3" errors="0" skipped="0" failures="0">
  <properties>
[...]
</properties>
  <testcase name="testRenderEndpoint" classname="com.example.confluence.renderer.OpenApiRendererTest" time="0.001">
    <system-out><![CDATA[Generated Endpoint HTML: <div id="openapi-spec-TestAPI" class="openapi-spec-container" data-searchable="true"><div class="api-info"><h2 class="api-title">Test API <span class="api-version">1.0.0</span></h2><table class="api-info-table"><tbody><tr><th>OpenAPI Version</th><td>3.0.0</td></tr></tbody></table></div><div class="api-endpoints"><h3>Endpoints</h3><div class="endpoint" id="endpoint-get-_test" data-method="get" data-path="/test" data-operation-id="" data-deprecated="false" data-summary="Test endpoint"><div class="endpoint-header method-get"><span class="http-method get">GET</span><span class="endpoint-path">/test</span></div><div class="endpoint-details"><div class="operation-id"><strong>Operation ID:</strong> </div><div class="summary">Test endpoint</div><div class="description">This is a test endpoint</div><div class="responses-section"><h4>Responses</h4><div class="response" id="endpoint-get-_test-response-200"><div class="response-header status-success" data-status="200" data-code="200"><span class="status-code">200</span><span class="response-description">OK</span></div></div></div></div></div></div><div class="api-search-metadata" style="display: none;"><span data-title="Test API"></span><span data-version="1.0.0"></span><span data-openapi-version="3.0.0"></span></div></div>
]]></system-out>
  </testcase>
  <testcase name="testHtmlEscaping" classname="com.example.confluence.renderer.OpenApiRendererTest" time="0.0">
    <system-out><![CDATA[Generated HTML with script tags: <div id="openapi-spec-TestscriptalertXSSscriptAPI" class="openapi-spec-container" data-searchable="true"><div class="api-info"><h2 class="api-title">Test &lt;script&gt;alert(&#39;XSS&#39;)&lt;/script&gt; API <span class="api-version">1.0.0</span></h2><table class="api-info-table"><tbody><tr><th>OpenAPI Version</th><td>3.0.0</td></tr></tbody></table></div><div class="api-search-metadata" style="display: none;"><span data-title="Test &lt;script&gt;alert(&#39;XSS&#39;)&lt;/script&gt; API"></span><span data-version="1.0.0"></span><span data-openapi-version="3.0.0"></span></div></div>
]]></system-out>
  </testcase>
  <testcase name="testRenderApiInfo" classname="com.example.confluence.renderer.OpenApiRendererTest" time="0.0">
    <system-out><![CDATA[Generated API Info HTML: <div id="openapi-spec-TestAPI" class="openapi-spec-container" data-searchable="true"><div class="api-info"><h2 class="api-title">Test API <span class="api-version">1.0.0</span></h2><div class="api-description">This is a test API</div><table class="api-info-table"><tbody><tr><th>OpenAPI Version</th><td>3.0.0</td></tr></tbody></table></div><div class="api-search-metadata" style="display: none;"><span data-title="Test API"></span><span data-version="1.0.0"></span><span data-openapi-version="3.0.0"></span></div></div>
]]></system-out>
  </testcase>
</testsuite>